{"level":"warn","message":"Database Connected...","service":"api-gateway","timestamp":"2025-11-01T09:20:19.376Z"}
{"level":"info","message":"Server running on 3000","service":"api-gateway","timestamp":"2025-11-01T09:20:19.381Z"}
{"0":"r","1":"e","2":"a","3":"s","4":"o","5":"n","level":"error","message":"unhandled Rejection at","service":"api-gateway","timestamp":"2025-11-01T09:20:30.118Z"}
{"0":"r","1":"e","2":"a","3":"s","4":"o","5":"n","level":"error","message":"unhandled Rejection at","service":"api-gateway","timestamp":"2025-11-01T09:20:30.120Z"}
{"level":"warn","message":"Database Connected...","service":"","timestamp":"2025-11-01T09:20:48.459Z"}
{"level":"info","message":"Server running on 3000","service":"","timestamp":"2025-11-01T09:20:48.463Z"}
{"level":"warn","message":"Database Connected...","service":"Expens","timestamp":"2025-11-01T09:20:53.263Z"}
{"level":"info","message":"Server running on 3000","service":"Expens","timestamp":"2025-11-01T09:20:53.268Z"}
{"level":"warn","message":"Database Connected...","service":"Expense Tra","timestamp":"2025-11-01T09:20:57.315Z"}
{"level":"info","message":"Server running on 3000","service":"Expense Tra","timestamp":"2025-11-01T09:20:57.320Z"}
{"level":"warn","message":"Database Connected...","service":"Expense Traker","timestamp":"2025-11-01T09:21:00.180Z"}
{"level":"info","message":"Server running on 3000","service":"Expense Traker","timestamp":"2025-11-01T09:21:00.186Z"}
{"level":"warn","message":"Database Connected...","service":"Expense Tracker","timestamp":"2025-11-01T09:21:04.100Z"}
{"level":"info","message":"Server running on 3000","service":"Expense Tracker","timestamp":"2025-11-01T09:21:04.105Z"}
{"0":"r","1":"e","2":"a","3":"s","4":"o","5":"n","level":"error","message":"unhandled Rejection at","service":"Expense Tracker","timestamp":"2025-11-01T09:21:14.828Z"}
{"0":"r","1":"e","2":"a","3":"s","4":"o","5":"n","level":"error","message":"unhandled Rejection at","service":"Expense Tracker","timestamp":"2025-11-01T09:21:14.830Z"}
{"level":"warn","message":"Database Connected...","service":"Expense Tracker","timestamp":"2025-11-01T09:21:35.348Z"}
{"level":"info","message":"Server running on 3000","service":"Expense Tracker","timestamp":"2025-11-01T09:21:35.353Z"}
{"0":"r","1":"e","2":"a","3":"s","4":"o","5":"n","level":"error","message":"unhandled Rejection at","service":"Expense Tracker","timestamp":"2025-11-01T09:21:46.060Z"}
{"0":"r","1":"e","2":"a","3":"s","4":"o","5":"n","level":"error","message":"unhandled Rejection at","service":"Expense Tracker","timestamp":"2025-11-01T09:21:46.062Z"}
{"level":"warn","message":"Database Connected...","service":"Expense Tracker","timestamp":"2025-11-01T09:23:03.161Z"}
{"level":"info","message":"Server running on 3000","service":"Expense Tracker","timestamp":"2025-11-01T09:23:03.167Z"}
{"level":"warn","message":"Database Connected...","service":"Expense Tracker","timestamp":"2025-11-01T09:23:07.973Z"}
{"level":"info","message":"Server running on 3000","service":"Expense Tracker","timestamp":"2025-11-01T09:23:07.980Z"}
{"level":"warn","message":"Database Connected...","service":"Expense Tracker","timestamp":"2025-11-01T09:23:11.798Z"}
{"level":"info","message":"Server running on 3000","service":"Expense Tracker","timestamp":"2025-11-01T09:23:11.802Z"}
{"level":"warn","message":"Database Connected...","service":"Expense Tracker","timestamp":"2025-11-01T09:23:16.043Z"}
{"level":"info","message":"Server running on 3000","service":"Expense Tracker","timestamp":"2025-11-01T09:23:16.049Z"}
{"level":"warn","message":"Database Connected...","service":"Expense Tracker","timestamp":"2025-11-01T09:23:17.861Z"}
{"level":"info","message":"Server running on 3000","service":"Expense Tracker","timestamp":"2025-11-01T09:23:17.866Z"}
{"level":"warn","message":"Database Connected...","service":"Expense Tracker","timestamp":"2025-11-01T09:23:20.173Z"}
{"level":"info","message":"Server running on 3000","service":"Expense Tracker","timestamp":"2025-11-01T09:23:20.178Z"}
{"level":"warn","message":"Database Connected...","service":"Expense Tracker","timestamp":"2025-11-01T09:23:24.589Z"}
{"level":"info","message":"Server running on 3000","service":"Expense Tracker","timestamp":"2025-11-01T09:23:24.595Z"}
{"level":"warn","message":"Database Connected...","service":"Expense Tracker","timestamp":"2025-11-01T09:23:53.069Z"}
{"level":"info","message":"Server running on 3000","service":"Expense Tracker","timestamp":"2025-11-01T09:23:53.074Z"}
{"level":"warn","message":"Database Connected...","service":"Expense Tracker","timestamp":"2025-11-01T09:23:55.701Z"}
{"level":"info","message":"Server running on 3000","service":"Expense Tracker","timestamp":"2025-11-01T09:23:55.706Z"}
{"level":"warn","message":"Database Connected...","service":"Expense Tracker","timestamp":"2025-11-01T09:24:02.011Z"}
{"level":"info","message":"Server running on 3000","service":"Expense Tracker","timestamp":"2025-11-01T09:24:02.017Z"}
{"level":"warn","message":"Database Connected...","service":"Expense Tracker","timestamp":"2025-11-01T09:24:06.279Z"}
{"level":"info","message":"Server running on 3000","service":"Expense Tracker","timestamp":"2025-11-01T09:24:06.285Z"}
{"level":"warn","message":"Database Connected...","service":"Expense Tracker","timestamp":"2025-11-01T09:24:07.674Z"}
{"level":"info","message":"Server running on 3000","service":"Expense Tracker","timestamp":"2025-11-01T09:24:07.683Z"}
{"level":"warn","message":"Database Connected...","service":"Expense Tracker","timestamp":"2025-11-01T09:24:10.438Z"}
{"level":"info","message":"Server running on 3000","service":"Expense Tracker","timestamp":"2025-11-01T09:24:10.444Z"}
{"level":"warn","message":"Database Connected...","service":"Expense Tracker","timestamp":"2025-11-01T09:24:35.253Z"}
{"level":"info","message":"Server is running on 3000","service":"Expense Tracker","timestamp":"2025-11-01T09:24:35.258Z"}
{"level":"warn","message":"Database Connected...","service":"Expense Tracker","timestamp":"2025-11-01T09:25:34.556Z"}
{"level":"info","message":"Server is running on 3000","service":"Expense Tracker","timestamp":"2025-11-01T09:25:34.562Z"}
{"level":"info","message":"Received GET request to /api/transactions?page=1&limit=5","service":"Expense Tracker","timestamp":"2025-11-01T09:25:43.025Z"}
{"level":"info","message":"Request body, undefined","service":"Expense Tracker","timestamp":"2025-11-01T09:25:43.025Z"}
{"level":"info","message":"get all transaction endpoint hit...","service":"Expense Tracker","timestamp":"2025-11-01T09:25:43.026Z"}
{"level":"warn","message":"get trransaction as per query","service":"Expense Tracker","timestamp":"2025-11-01T09:25:43.048Z"}
{"level":"info","message":"Received GET request to /api/transactions?page=1&limit=5","service":"Expense Tracker","timestamp":"2025-11-01T09:25:43.053Z"}
{"level":"info","message":"Request body, undefined","service":"Expense Tracker","timestamp":"2025-11-01T09:25:43.054Z"}
{"level":"info","message":"get all transaction endpoint hit...","service":"Expense Tracker","timestamp":"2025-11-01T09:25:43.055Z"}
{"level":"warn","message":"get trransaction as per query","service":"Expense Tracker","timestamp":"2025-11-01T09:25:43.060Z"}
{"level":"info","message":"Received GET request to /api/transactions?page=2&limit=5","service":"Expense Tracker","timestamp":"2025-11-01T09:25:49.197Z"}
{"level":"info","message":"Request body, undefined","service":"Expense Tracker","timestamp":"2025-11-01T09:25:49.198Z"}
{"level":"info","message":"get all transaction endpoint hit...","service":"Expense Tracker","timestamp":"2025-11-01T09:25:49.198Z"}
{"level":"warn","message":"get trransaction as per query","service":"Expense Tracker","timestamp":"2025-11-01T09:25:49.204Z"}
{"level":"info","message":"Received PUT request to /api/transactions/6905bed7190646846cfa6901","service":"Expense Tracker","timestamp":"2025-11-01T09:25:57.267Z"}
{"level":"info","message":"Request body, [object Object]","service":"Expense Tracker","timestamp":"2025-11-01T09:25:57.267Z"}
{"level":"info","message":"update transaction endpoint hit...","service":"Expense Tracker","timestamp":"2025-11-01T09:25:57.268Z"}
{"level":"error","message":"Error while updating transaction occured schema is not a function","service":"Expense Tracker","stack":"TypeError: schema is not a function\n    at validatorUpdate (file:///D:/interview/CG%20practice/new/backend/src/validate/validator.js:23:8)\n    at updateTransaction (file:///D:/interview/CG%20practice/new/backend/src/controller/transaction.controller.js:94:23)\n    at Layer.handleRequest (D:\\interview\\CG practice\\new\\backend\\node_modules\\router\\lib\\layer.js:152:17)\n    at next (D:\\interview\\CG practice\\new\\backend\\node_modules\\router\\lib\\route.js:157:13)\n    at Route.dispatch (D:\\interview\\CG practice\\new\\backend\\node_modules\\router\\lib\\route.js:117:3)\n    at handle (D:\\interview\\CG practice\\new\\backend\\node_modules\\router\\index.js:435:11)\n    at Layer.handleRequest (D:\\interview\\CG practice\\new\\backend\\node_modules\\router\\lib\\layer.js:152:17)\n    at D:\\interview\\CG practice\\new\\backend\\node_modules\\router\\index.js:295:15\n    at param (D:\\interview\\CG practice\\new\\backend\\node_modules\\router\\index.js:600:14)\n    at param (D:\\interview\\CG practice\\new\\backend\\node_modules\\router\\index.js:610:14)","timestamp":"2025-11-01T09:25:57.271Z"}
{"level":"info","message":"Received DELETE request to /api/transactions/6905bed7190646846cfa6901","service":"Expense Tracker","timestamp":"2025-11-01T09:26:06.386Z"}
{"level":"info","message":"Request body, undefined","service":"Expense Tracker","timestamp":"2025-11-01T09:26:06.387Z"}
{"level":"info","message":"delete transaction endpoint hit...","service":"Expense Tracker","timestamp":"2025-11-01T09:26:06.388Z"}
{"level":"warn","message":"transaction deleted successfully","service":"Expense Tracker","timestamp":"2025-11-01T09:26:06.394Z"}
{"level":"info","message":"Received GET request to /api/transactions?page=1&limit=5","service":"Expense Tracker","timestamp":"2025-11-01T09:26:09.598Z"}
{"level":"info","message":"Request body, undefined","service":"Expense Tracker","timestamp":"2025-11-01T09:26:09.599Z"}
{"level":"info","message":"get all transaction endpoint hit...","service":"Expense Tracker","timestamp":"2025-11-01T09:26:09.599Z"}
{"level":"warn","message":"get trransaction as per query","service":"Expense Tracker","timestamp":"2025-11-01T09:26:09.606Z"}
{"level":"info","message":"Received PUT request to /api/transactions/6905aea7af7eed406dc63acf","service":"Expense Tracker","timestamp":"2025-11-01T09:26:16.878Z"}
{"level":"info","message":"Request body, [object Object]","service":"Expense Tracker","timestamp":"2025-11-01T09:26:16.878Z"}
{"level":"info","message":"update transaction endpoint hit...","service":"Expense Tracker","timestamp":"2025-11-01T09:26:16.879Z"}
{"level":"error","message":"Error while updating transaction occured schema is not a function","service":"Expense Tracker","stack":"TypeError: schema is not a function\n    at validatorUpdate (file:///D:/interview/CG%20practice/new/backend/src/validate/validator.js:23:8)\n    at updateTransaction (file:///D:/interview/CG%20practice/new/backend/src/controller/transaction.controller.js:94:23)\n    at Layer.handleRequest (D:\\interview\\CG practice\\new\\backend\\node_modules\\router\\lib\\layer.js:152:17)\n    at next (D:\\interview\\CG practice\\new\\backend\\node_modules\\router\\lib\\route.js:157:13)\n    at Route.dispatch (D:\\interview\\CG practice\\new\\backend\\node_modules\\router\\lib\\route.js:117:3)\n    at handle (D:\\interview\\CG practice\\new\\backend\\node_modules\\router\\index.js:435:11)\n    at Layer.handleRequest (D:\\interview\\CG practice\\new\\backend\\node_modules\\router\\lib\\layer.js:152:17)\n    at D:\\interview\\CG practice\\new\\backend\\node_modules\\router\\index.js:295:15\n    at param (D:\\interview\\CG practice\\new\\backend\\node_modules\\router\\index.js:600:14)\n    at param (D:\\interview\\CG practice\\new\\backend\\node_modules\\router\\index.js:610:14)","timestamp":"2025-11-01T09:26:16.881Z"}
{"level":"info","message":"Received POST request to /api/transactions","service":"Expense Tracker","timestamp":"2025-11-01T09:27:53.401Z"}
{"level":"info","message":"Request body, [object Object]","service":"Expense Tracker","timestamp":"2025-11-01T09:27:53.402Z"}
{"level":"info","message":"create transaction endpoint hit...","service":"Expense Tracker","timestamp":"2025-11-01T09:27:53.402Z"}
{"_message":"Transaction validation failed","errors":{"amount":{"kind":"required","message":"Path `amount` is required.","name":"ValidatorError","path":"amount","properties":{"message":"Path `amount` is required.","path":"amount","type":"required"}},"category":{"kind":"required","message":"Path `category` is required.","name":"ValidatorError","path":"category","properties":{"message":"Path `category` is required.","path":"category","type":"required"}},"date":{"kind":"required","message":"Path `date` is required.","name":"ValidatorError","path":"date","properties":{"message":"Path `date` is required.","path":"date","type":"required"}},"type":{"kind":"required","message":"Path `type` is required.","name":"ValidatorError","path":"type","properties":{"message":"Path `type` is required.","path":"type","type":"required"}}},"level":"error","message":"Error creating transaction occured Transaction validation failed: date: Path `date` is required., category: Path `category` is required., amount: Path `amount` is required., type: Path `type` is required.","service":"Expense Tracker","stack":"ValidationError: Transaction validation failed: date: Path `date` is required., category: Path `category` is required., amount: Path `amount` is required., type: Path `type` is required.\n    at Document.invalidate (D:\\interview\\CG practice\\new\\backend\\node_modules\\mongoose\\lib\\document.js:3362:32)\n    at D:\\interview\\CG practice\\new\\backend\\node_modules\\mongoose\\lib\\document.js:3123:17\n    at D:\\interview\\CG practice\\new\\backend\\node_modules\\mongoose\\lib\\schemaType.js:1420:9\n    at process.processTicksAndRejections (node:internal/process/task_queues:85:11)","timestamp":"2025-11-01T09:27:53.411Z"}
{"level":"warn","message":"Database Connected...","service":"Expense Tracker","timestamp":"2025-11-01T09:31:07.832Z"}
{"level":"info","message":"Server is running on 3000","service":"Expense Tracker","timestamp":"2025-11-01T09:31:07.838Z"}
{"level":"info","message":"Received GET request to /api/transactions?page=1&limit=5","service":"Expense Tracker","timestamp":"2025-11-01T09:31:14.615Z"}
{"level":"info","message":"Request body, undefined","service":"Expense Tracker","timestamp":"2025-11-01T09:31:14.621Z"}
{"level":"info","message":"get all transaction endpoint hit...","service":"Expense Tracker","timestamp":"2025-11-01T09:31:14.623Z"}
{"level":"warn","message":"get trransaction as per query","service":"Expense Tracker","timestamp":"2025-11-01T09:31:14.662Z"}
{"level":"info","message":"Received GET request to /api/transactions?page=1&limit=5","service":"Expense Tracker","timestamp":"2025-11-01T09:31:14.675Z"}
{"level":"info","message":"Request body, undefined","service":"Expense Tracker","timestamp":"2025-11-01T09:31:14.676Z"}
{"level":"info","message":"get all transaction endpoint hit...","service":"Expense Tracker","timestamp":"2025-11-01T09:31:14.676Z"}
{"level":"warn","message":"get trransaction as per query","service":"Expense Tracker","timestamp":"2025-11-01T09:31:14.684Z"}
{"level":"info","message":"Received PUT request to /api/transactions/6905aea7af7eed406dc63acf","service":"Expense Tracker","timestamp":"2025-11-01T09:31:23.489Z"}
{"level":"info","message":"Request body, [object Object]","service":"Expense Tracker","timestamp":"2025-11-01T09:31:23.491Z"}
{"level":"info","message":"update transaction endpoint hit...","service":"Expense Tracker","timestamp":"2025-11-01T09:31:23.493Z"}
{"level":"warn","message":"transaction updated successfully","service":"Expense Tracker","timestamp":"2025-11-01T09:31:23.530Z"}
{"level":"info","message":"Received PUT request to /api/transactions/6905aea7af7eed406dc63acf","service":"Expense Tracker","timestamp":"2025-11-01T09:31:41.544Z"}
{"level":"info","message":"Request body, [object Object]","service":"Expense Tracker","timestamp":"2025-11-01T09:31:41.545Z"}
{"level":"info","message":"update transaction endpoint hit...","service":"Expense Tracker","timestamp":"2025-11-01T09:31:41.545Z"}
{"level":"warn","message":"transaction updated successfully","service":"Expense Tracker","timestamp":"2025-11-01T09:31:41.556Z"}
{"level":"info","message":"Received POST request to /api/transactions","service":"Expense Tracker","timestamp":"2025-11-01T09:31:52.990Z"}
{"level":"info","message":"Request body, [object Object]","service":"Expense Tracker","timestamp":"2025-11-01T09:31:52.991Z"}
{"level":"info","message":"create transaction endpoint hit...","service":"Expense Tracker","timestamp":"2025-11-01T09:31:52.992Z"}
{"_message":"Transaction validation failed","errors":{"amount":{"kind":"required","message":"Path `amount` is required.","name":"ValidatorError","path":"amount","properties":{"message":"Path `amount` is required.","path":"amount","type":"required"}},"category":{"kind":"required","message":"Path `category` is required.","name":"ValidatorError","path":"category","properties":{"message":"Path `category` is required.","path":"category","type":"required"}},"date":{"kind":"required","message":"Path `date` is required.","name":"ValidatorError","path":"date","properties":{"message":"Path `date` is required.","path":"date","type":"required"}},"type":{"kind":"required","message":"Path `type` is required.","name":"ValidatorError","path":"type","properties":{"message":"Path `type` is required.","path":"type","type":"required"}}},"level":"error","message":"Error creating transaction occured Transaction validation failed: date: Path `date` is required., category: Path `category` is required., amount: Path `amount` is required., type: Path `type` is required.","service":"Expense Tracker","stack":"ValidationError: Transaction validation failed: date: Path `date` is required., category: Path `category` is required., amount: Path `amount` is required., type: Path `type` is required.\n    at Document.invalidate (D:\\interview\\CG practice\\new\\backend\\node_modules\\mongoose\\lib\\document.js:3362:32)\n    at D:\\interview\\CG practice\\new\\backend\\node_modules\\mongoose\\lib\\document.js:3123:17\n    at D:\\interview\\CG practice\\new\\backend\\node_modules\\mongoose\\lib\\schemaType.js:1420:9\n    at process.processTicksAndRejections (node:internal/process/task_queues:85:11)","timestamp":"2025-11-01T09:31:53.009Z"}
{"level":"info","message":"Received GET request to /api/transactions?page=2&limit=5","service":"Expense Tracker","timestamp":"2025-11-01T09:31:57.355Z"}
{"level":"info","message":"Request body, undefined","service":"Expense Tracker","timestamp":"2025-11-01T09:31:57.355Z"}
{"level":"info","message":"get all transaction endpoint hit...","service":"Expense Tracker","timestamp":"2025-11-01T09:31:57.356Z"}
{"level":"warn","message":"get trransaction as per query","service":"Expense Tracker","timestamp":"2025-11-01T09:31:57.364Z"}
{"level":"warn","message":"Database Connected...","service":"Expense Tracker","timestamp":"2025-11-01T09:33:01.347Z"}
{"level":"info","message":"Server is running on 3000","service":"Expense Tracker","timestamp":"2025-11-01T09:33:01.359Z"}
{"level":"warn","message":"Database Connected...","service":"Expense Tracker","timestamp":"2025-11-01T09:33:23.498Z"}
{"level":"info","message":"Server is running on 3000","service":"Expense Tracker","timestamp":"2025-11-01T09:33:23.508Z"}
{"level":"warn","message":"Database Connected...","service":"Expense Tracker","timestamp":"2025-11-01T09:33:29.322Z"}
{"level":"info","message":"Server is running on 3000","service":"Expense Tracker","timestamp":"2025-11-01T09:33:29.330Z"}
{"level":"warn","message":"Database Connected...","service":"Expense Tracker","timestamp":"2025-11-01T09:33:32.430Z"}
{"level":"info","message":"Server is running on 3000","service":"Expense Tracker","timestamp":"2025-11-01T09:33:32.439Z"}
{"level":"info","message":"Received GET request to /api/transactions?page=1&limit=5","service":"Expense Tracker","timestamp":"2025-11-01T09:33:46.372Z"}
{"level":"info","message":"Request body, undefined","service":"Expense Tracker","timestamp":"2025-11-01T09:33:46.373Z"}
{"level":"info","message":"get all transaction endpoint hit...","service":"Expense Tracker","timestamp":"2025-11-01T09:33:46.374Z"}
{"level":"warn","message":"get trransaction as per query","service":"Expense Tracker","timestamp":"2025-11-01T09:33:46.399Z"}
{"level":"info","message":"Received GET request to /api/transactions?page=1&limit=5","service":"Expense Tracker","timestamp":"2025-11-01T09:33:46.409Z"}
{"level":"info","message":"Request body, undefined","service":"Expense Tracker","timestamp":"2025-11-01T09:33:46.410Z"}
{"level":"info","message":"get all transaction endpoint hit...","service":"Expense Tracker","timestamp":"2025-11-01T09:33:46.411Z"}
{"level":"warn","message":"get trransaction as per query","service":"Expense Tracker","timestamp":"2025-11-01T09:33:46.418Z"}
{"level":"info","message":"Received GET request to /api/transactions?page=2&limit=5","service":"Expense Tracker","timestamp":"2025-11-01T09:33:50.915Z"}
{"level":"info","message":"Request body, undefined","service":"Expense Tracker","timestamp":"2025-11-01T09:33:50.921Z"}
{"level":"info","message":"get all transaction endpoint hit...","service":"Expense Tracker","timestamp":"2025-11-01T09:33:50.923Z"}
{"level":"warn","message":"get trransaction as per query","service":"Expense Tracker","timestamp":"2025-11-01T09:33:50.928Z"}
{"level":"info","message":"Received GET request to /api/transactions?page=1&limit=5","service":"Expense Tracker","timestamp":"2025-11-01T09:33:52.626Z"}
{"level":"info","message":"Request body, undefined","service":"Expense Tracker","timestamp":"2025-11-01T09:33:52.627Z"}
{"level":"info","message":"get all transaction endpoint hit...","service":"Expense Tracker","timestamp":"2025-11-01T09:33:52.628Z"}
{"level":"warn","message":"get trransaction as per query","service":"Expense Tracker","timestamp":"2025-11-01T09:33:52.642Z"}
{"level":"info","message":"Received POST request to /api/transactions","service":"Expense Tracker","timestamp":"2025-11-01T09:34:06.977Z"}
{"level":"info","message":"Request body, [object Object]","service":"Expense Tracker","timestamp":"2025-11-01T09:34:06.978Z"}
{"level":"info","message":"create transaction endpoint hit...","service":"Expense Tracker","timestamp":"2025-11-01T09:34:06.980Z"}
{"_message":"Transaction validation failed","errors":{"amount":{"kind":"required","message":"Path `amount` is required.","name":"ValidatorError","path":"amount","properties":{"message":"Path `amount` is required.","path":"amount","type":"required"}},"category":{"kind":"required","message":"Path `category` is required.","name":"ValidatorError","path":"category","properties":{"message":"Path `category` is required.","path":"category","type":"required"}},"date":{"kind":"required","message":"Path `date` is required.","name":"ValidatorError","path":"date","properties":{"message":"Path `date` is required.","path":"date","type":"required"}},"type":{"kind":"required","message":"Path `type` is required.","name":"ValidatorError","path":"type","properties":{"message":"Path `type` is required.","path":"type","type":"required"}}},"level":"error","message":"Error creating transaction occured Transaction validation failed: date: Path `date` is required., category: Path `category` is required., amount: Path `amount` is required., type: Path `type` is required.","service":"Expense Tracker","stack":"ValidationError: Transaction validation failed: date: Path `date` is required., category: Path `category` is required., amount: Path `amount` is required., type: Path `type` is required.\n    at Document.invalidate (D:\\interview\\CG practice\\new\\backend\\node_modules\\mongoose\\lib\\document.js:3362:32)\n    at D:\\interview\\CG practice\\new\\backend\\node_modules\\mongoose\\lib\\document.js:3123:17\n    at D:\\interview\\CG practice\\new\\backend\\node_modules\\mongoose\\lib\\schemaType.js:1420:9\n    at process.processTicksAndRejections (node:internal/process/task_queues:85:11)","timestamp":"2025-11-01T09:34:07.010Z"}
{"level":"info","message":"Received GET request to /api/transactions?page=2&limit=5","service":"Expense Tracker","timestamp":"2025-11-01T09:34:10.617Z"}
{"level":"info","message":"Request body, undefined","service":"Expense Tracker","timestamp":"2025-11-01T09:34:10.619Z"}
{"level":"info","message":"get all transaction endpoint hit...","service":"Expense Tracker","timestamp":"2025-11-01T09:34:10.620Z"}
{"level":"warn","message":"get trransaction as per query","service":"Expense Tracker","timestamp":"2025-11-01T09:34:10.628Z"}
{"level":"warn","message":"Database Connected...","service":"Expense Tracker","timestamp":"2025-11-01T09:35:00.636Z"}
{"level":"info","message":"Server is running on 3000","service":"Expense Tracker","timestamp":"2025-11-01T09:35:00.644Z"}
{"level":"warn","message":"Database Connected...","service":"Expense Tracker","timestamp":"2025-11-01T09:35:09.647Z"}
{"level":"info","message":"Server is running on 3000","service":"Expense Tracker","timestamp":"2025-11-01T09:35:09.655Z"}
{"level":"warn","message":"Database Connected...","service":"Expense Tracker","timestamp":"2025-11-01T09:35:11.531Z"}
{"level":"info","message":"Server is running on 3000","service":"Expense Tracker","timestamp":"2025-11-01T09:35:11.539Z"}
{"level":"info","message":"Received GET request to /api/transactions?page=1&limit=5","service":"Expense Tracker","timestamp":"2025-11-01T09:35:19.640Z"}
{"level":"info","message":"Request body, undefined","service":"Expense Tracker","timestamp":"2025-11-01T09:35:19.641Z"}
{"level":"info","message":"get all transaction endpoint hit...","service":"Expense Tracker","timestamp":"2025-11-01T09:35:19.643Z"}
{"level":"warn","message":"get trransaction as per query","service":"Expense Tracker","timestamp":"2025-11-01T09:35:19.695Z"}
{"level":"info","message":"Received GET request to /api/transactions?page=1&limit=5","service":"Expense Tracker","timestamp":"2025-11-01T09:35:19.721Z"}
{"level":"info","message":"Request body, undefined","service":"Expense Tracker","timestamp":"2025-11-01T09:35:19.722Z"}
{"level":"info","message":"get all transaction endpoint hit...","service":"Expense Tracker","timestamp":"2025-11-01T09:35:19.724Z"}
{"level":"warn","message":"get trransaction as per query","service":"Expense Tracker","timestamp":"2025-11-01T09:35:19.738Z"}
{"level":"info","message":"Received POST request to /api/transactions","service":"Expense Tracker","timestamp":"2025-11-01T09:35:26.583Z"}
{"level":"info","message":"Request body, [object Object]","service":"Expense Tracker","timestamp":"2025-11-01T09:35:26.584Z"}
{"level":"info","message":"create transaction endpoint hit...","service":"Expense Tracker","timestamp":"2025-11-01T09:35:26.586Z"}
{"_message":"Transaction validation failed","errors":{"amount":{"kind":"required","message":"Path `amount` is required.","name":"ValidatorError","path":"amount","properties":{"message":"Path `amount` is required.","path":"amount","type":"required"}},"category":{"kind":"required","message":"Path `category` is required.","name":"ValidatorError","path":"category","properties":{"message":"Path `category` is required.","path":"category","type":"required"}},"date":{"kind":"required","message":"Path `date` is required.","name":"ValidatorError","path":"date","properties":{"message":"Path `date` is required.","path":"date","type":"required"}},"type":{"kind":"required","message":"Path `type` is required.","name":"ValidatorError","path":"type","properties":{"message":"Path `type` is required.","path":"type","type":"required"}}},"level":"error","message":"Error creating transaction occured Transaction validation failed: date: Path `date` is required., category: Path `category` is required., amount: Path `amount` is required., type: Path `type` is required.","service":"Expense Tracker","stack":"ValidationError: Transaction validation failed: date: Path `date` is required., category: Path `category` is required., amount: Path `amount` is required., type: Path `type` is required.\n    at Document.invalidate (D:\\interview\\CG practice\\new\\backend\\node_modules\\mongoose\\lib\\document.js:3362:32)\n    at D:\\interview\\CG practice\\new\\backend\\node_modules\\mongoose\\lib\\document.js:3123:17\n    at D:\\interview\\CG practice\\new\\backend\\node_modules\\mongoose\\lib\\schemaType.js:1420:9\n    at process.processTicksAndRejections (node:internal/process/task_queues:85:11)","timestamp":"2025-11-01T09:35:26.621Z"}
{"level":"info","message":"Received GET request to /api/transactions?page=2&limit=5","service":"Expense Tracker","timestamp":"2025-11-01T09:35:30.012Z"}
{"level":"info","message":"Request body, undefined","service":"Expense Tracker","timestamp":"2025-11-01T09:35:30.012Z"}
{"level":"info","message":"get all transaction endpoint hit...","service":"Expense Tracker","timestamp":"2025-11-01T09:35:30.013Z"}
{"level":"warn","message":"get trransaction as per query","service":"Expense Tracker","timestamp":"2025-11-01T09:35:30.021Z"}
{"level":"info","message":"Received PUT request to /api/transactions/6904d10585fcb4190006521b","service":"Expense Tracker","timestamp":"2025-11-01T09:37:12.083Z"}
{"level":"info","message":"Request body, [object Object]","service":"Expense Tracker","timestamp":"2025-11-01T09:37:12.083Z"}
{"level":"info","message":"update transaction endpoint hit...","service":"Expense Tracker","timestamp":"2025-11-01T09:37:12.084Z"}
{"level":"warn","message":"transaction updated successfully","service":"Expense Tracker","timestamp":"2025-11-01T09:37:12.097Z"}
{"level":"info","message":"Received GET request to /api/transactions?page=1&limit=5","service":"Expense Tracker","timestamp":"2025-11-01T09:37:31.765Z"}
{"level":"info","message":"Request body, undefined","service":"Expense Tracker","timestamp":"2025-11-01T09:37:31.766Z"}
{"level":"info","message":"get all transaction endpoint hit...","service":"Expense Tracker","timestamp":"2025-11-01T09:37:31.767Z"}
{"level":"warn","message":"get trransaction as per query","service":"Expense Tracker","timestamp":"2025-11-01T09:37:31.777Z"}
{"level":"info","message":"Received PUT request to /api/transactions/6905a49ba6458fd784e04998","service":"Expense Tracker","timestamp":"2025-11-01T09:37:44.671Z"}
{"level":"info","message":"Request body, [object Object]","service":"Expense Tracker","timestamp":"2025-11-01T09:37:44.671Z"}
{"level":"info","message":"update transaction endpoint hit...","service":"Expense Tracker","timestamp":"2025-11-01T09:37:44.672Z"}
{"level":"warn","message":"transaction updated successfully","service":"Expense Tracker","timestamp":"2025-11-01T09:37:44.680Z"}
{"level":"warn","message":"Database Connected...","service":"Expense Tracker","timestamp":"2025-11-01T09:40:38.059Z"}
{"level":"info","message":"Server is running on 3000","service":"Expense Tracker","timestamp":"2025-11-01T09:40:38.070Z"}
{"level":"warn","message":"Database Connected...","service":"Expense Tracker","timestamp":"2025-11-01T09:40:54.440Z"}
{"level":"info","message":"Server is running on 3000","service":"Expense Tracker","timestamp":"2025-11-01T09:40:54.449Z"}
{"level":"warn","message":"Database Connected...","service":"Expense Tracker","timestamp":"2025-11-01T09:40:58.344Z"}
{"level":"info","message":"Server is running on 3000","service":"Expense Tracker","timestamp":"2025-11-01T09:40:58.354Z"}
{"level":"info","message":"Received GET request to /api/transactions?page=1&limit=5","service":"Expense Tracker","timestamp":"2025-11-01T09:41:25.098Z"}
{"level":"info","message":"Request body, undefined","service":"Expense Tracker","timestamp":"2025-11-01T09:41:25.099Z"}
{"level":"info","message":"get all transaction endpoint hit...","service":"Expense Tracker","timestamp":"2025-11-01T09:41:25.100Z"}
{"level":"info","message":"Fetched transactions successfully","service":"Expense Tracker","timestamp":"2025-11-01T09:41:25.141Z"}
{"level":"info","message":"Received GET request to /api/transactions?page=1&limit=5","service":"Expense Tracker","timestamp":"2025-11-01T09:41:25.168Z"}
{"level":"info","message":"Request body, undefined","service":"Expense Tracker","timestamp":"2025-11-01T09:41:25.169Z"}
{"level":"info","message":"get all transaction endpoint hit...","service":"Expense Tracker","timestamp":"2025-11-01T09:41:25.171Z"}
{"level":"info","message":"Fetched transactions successfully","service":"Expense Tracker","timestamp":"2025-11-01T09:41:25.187Z"}
{"level":"info","message":"Received GET request to /api/transactions?page=1&limit=5","service":"Expense Tracker","timestamp":"2025-11-01T09:41:27.199Z"}
{"level":"info","message":"Request body, undefined","service":"Expense Tracker","timestamp":"2025-11-01T09:41:27.200Z"}
{"level":"info","message":"get all transaction endpoint hit...","service":"Expense Tracker","timestamp":"2025-11-01T09:41:27.201Z"}
{"level":"info","message":"Fetched transactions successfully","service":"Expense Tracker","timestamp":"2025-11-01T09:41:27.210Z"}
{"level":"info","message":"Received GET request to /api/transactions?page=1&limit=5","service":"Expense Tracker","timestamp":"2025-11-01T09:41:27.214Z"}
{"level":"info","message":"Request body, undefined","service":"Expense Tracker","timestamp":"2025-11-01T09:41:27.215Z"}
{"level":"info","message":"get all transaction endpoint hit...","service":"Expense Tracker","timestamp":"2025-11-01T09:41:27.216Z"}
{"level":"info","message":"Fetched transactions successfully","service":"Expense Tracker","timestamp":"2025-11-01T09:41:27.227Z"}
{"level":"info","message":"Received PUT request to /api/transactions/6905a49ba6458fd784e04998","service":"Expense Tracker","timestamp":"2025-11-01T09:41:40.869Z"}
{"level":"info","message":"Request body, [object Object]","service":"Expense Tracker","timestamp":"2025-11-01T09:41:40.870Z"}
{"level":"info","message":"update transaction endpoint hit...","service":"Expense Tracker","timestamp":"2025-11-01T09:41:40.872Z"}
{"level":"info","message":"Transaction updated successfully","service":"Expense Tracker","timestamp":"2025-11-01T09:41:40.914Z"}
{"level":"info","message":"Received GET request to /api/transactions?page=2&limit=5","service":"Expense Tracker","timestamp":"2025-11-01T09:41:47.100Z"}
{"level":"info","message":"Request body, undefined","service":"Expense Tracker","timestamp":"2025-11-01T09:41:47.102Z"}
{"level":"info","message":"get all transaction endpoint hit...","service":"Expense Tracker","timestamp":"2025-11-01T09:41:47.103Z"}
{"level":"info","message":"Fetched transactions successfully","service":"Expense Tracker","timestamp":"2025-11-01T09:41:47.113Z"}
{"level":"info","message":"Received GET request to /api/transactions?page=1&limit=5","service":"Expense Tracker","timestamp":"2025-11-01T09:41:48.749Z"}
{"level":"info","message":"Request body, undefined","service":"Expense Tracker","timestamp":"2025-11-01T09:41:48.749Z"}
{"level":"info","message":"get all transaction endpoint hit...","service":"Expense Tracker","timestamp":"2025-11-01T09:41:48.750Z"}
{"level":"info","message":"Fetched transactions successfully","service":"Expense Tracker","timestamp":"2025-11-01T09:41:48.755Z"}
{"level":"info","message":"Received DELETE request to /api/transactions/6905a49ba6458fd784e04998","service":"Expense Tracker","timestamp":"2025-11-01T09:41:53.366Z"}
{"level":"info","message":"Request body, undefined","service":"Expense Tracker","timestamp":"2025-11-01T09:41:53.367Z"}
{"level":"info","message":"delete transaction endpoint hit...","service":"Expense Tracker","timestamp":"2025-11-01T09:41:53.368Z"}
{"level":"info","message":"Transaction deleted successfully","service":"Expense Tracker","timestamp":"2025-11-01T09:41:53.376Z"}
{"level":"info","message":"Received POST request to /api/transactions","service":"Expense Tracker","timestamp":"2025-11-01T09:42:02.293Z"}
{"level":"info","message":"Request body, [object Object]","service":"Expense Tracker","timestamp":"2025-11-01T09:42:02.295Z"}
{"level":"info","message":"create transaction endpoint hit...","service":"Expense Tracker","timestamp":"2025-11-01T09:42:02.297Z"}
{"level":"info","message":"Transaction saved successfully","service":"Expense Tracker","timestamp":"2025-11-01T09:42:02.343Z"}
{"level":"warn","message":"Database Connected...","service":"Expense Tracker","timestamp":"2025-11-01T09:43:31.299Z"}
{"level":"info","message":"Server is running on 3000","service":"Expense Tracker","timestamp":"2025-11-01T09:43:31.309Z"}
{"level":"info","message":"Received GET request to /api/transactions?page=1&limit=5","service":"Expense Tracker","timestamp":"2025-11-01T09:44:01.400Z"}
{"level":"info","message":"Request body, undefined","service":"Expense Tracker","timestamp":"2025-11-01T09:44:01.401Z"}
{"level":"info","message":"get all transaction endpoint hit...","service":"Expense Tracker","timestamp":"2025-11-01T09:44:01.404Z"}
{"level":"info","message":"Fetched transactions successfully","service":"Expense Tracker","timestamp":"2025-11-01T09:44:01.437Z"}
{"level":"info","message":"Received GET request to /api/transactions?page=1&limit=5","service":"Expense Tracker","timestamp":"2025-11-01T09:44:01.449Z"}
{"level":"info","message":"Request body, undefined","service":"Expense Tracker","timestamp":"2025-11-01T09:44:01.450Z"}
{"level":"info","message":"get all transaction endpoint hit...","service":"Expense Tracker","timestamp":"2025-11-01T09:44:01.450Z"}
{"level":"info","message":"Fetched transactions successfully","service":"Expense Tracker","timestamp":"2025-11-01T09:44:01.462Z"}
{"level":"info","message":"Received GET request to /api/transactions?page=2&limit=5","service":"Expense Tracker","timestamp":"2025-11-01T09:44:06.003Z"}
{"level":"info","message":"Request body, undefined","service":"Expense Tracker","timestamp":"2025-11-01T09:44:06.004Z"}
{"level":"info","message":"get all transaction endpoint hit...","service":"Expense Tracker","timestamp":"2025-11-01T09:44:06.007Z"}
{"level":"info","message":"Fetched transactions successfully","service":"Expense Tracker","timestamp":"2025-11-01T09:44:06.015Z"}
{"level":"info","message":"Received GET request to /api/transactions?page=1&limit=5","service":"Expense Tracker","timestamp":"2025-11-01T09:44:11.348Z"}
{"level":"info","message":"Request body, undefined","service":"Expense Tracker","timestamp":"2025-11-01T09:44:11.348Z"}
{"level":"info","message":"get all transaction endpoint hit...","service":"Expense Tracker","timestamp":"2025-11-01T09:44:11.349Z"}
{"level":"info","message":"Fetched transactions successfully","service":"Expense Tracker","timestamp":"2025-11-01T09:44:11.360Z"}
{"level":"info","message":"Received POST request to /api/transactions","service":"Expense Tracker","timestamp":"2025-11-01T09:44:38.599Z"}
{"level":"info","message":"Request body, [object Object]","service":"Expense Tracker","timestamp":"2025-11-01T09:44:38.600Z"}
{"level":"info","message":"create transaction endpoint hit...","service":"Expense Tracker","timestamp":"2025-11-01T09:44:38.601Z"}
{"level":"info","message":"Transaction saved successfully","service":"Expense Tracker","timestamp":"2025-11-01T09:44:38.652Z"}
{"level":"info","message":"Received GET request to /api/transactions?page=2&limit=5","service":"Expense Tracker","timestamp":"2025-11-01T09:44:43.176Z"}
{"level":"info","message":"Request body, undefined","service":"Expense Tracker","timestamp":"2025-11-01T09:44:43.177Z"}
{"level":"info","message":"get all transaction endpoint hit...","service":"Expense Tracker","timestamp":"2025-11-01T09:44:43.177Z"}
{"level":"info","message":"Fetched transactions successfully","service":"Expense Tracker","timestamp":"2025-11-01T09:44:43.186Z"}
{"level":"info","message":"Received GET request to /api/transactions?page=1&limit=5","service":"Expense Tracker","timestamp":"2025-11-01T09:45:13.713Z"}
{"level":"info","message":"Request body, undefined","service":"Expense Tracker","timestamp":"2025-11-01T09:45:13.713Z"}
{"level":"info","message":"get all transaction endpoint hit...","service":"Expense Tracker","timestamp":"2025-11-01T09:45:13.714Z"}
{"level":"info","message":"Fetched transactions successfully","service":"Expense Tracker","timestamp":"2025-11-01T09:45:13.720Z"}
{"level":"info","message":"Received GET request to /api/transactions?page=1&limit=5","service":"Expense Tracker","timestamp":"2025-11-01T09:45:13.723Z"}
{"level":"info","message":"Request body, undefined","service":"Expense Tracker","timestamp":"2025-11-01T09:45:13.724Z"}
{"level":"info","message":"get all transaction endpoint hit...","service":"Expense Tracker","timestamp":"2025-11-01T09:45:13.724Z"}
{"level":"info","message":"Fetched transactions successfully","service":"Expense Tracker","timestamp":"2025-11-01T09:45:13.728Z"}
{"level":"info","message":"Received GET request to /api/transactions?page=1&limit=5","service":"Expense Tracker","timestamp":"2025-11-01T09:45:19.622Z"}
{"level":"info","message":"Request body, undefined","service":"Expense Tracker","timestamp":"2025-11-01T09:45:19.623Z"}
{"level":"info","message":"get all transaction endpoint hit...","service":"Expense Tracker","timestamp":"2025-11-01T09:45:19.623Z"}
{"level":"info","message":"Fetched transactions successfully","service":"Expense Tracker","timestamp":"2025-11-01T09:45:19.628Z"}
{"level":"info","message":"Received GET request to /api/transactions?page=1&limit=5","service":"Expense Tracker","timestamp":"2025-11-01T09:45:19.632Z"}
{"level":"info","message":"Request body, undefined","service":"Expense Tracker","timestamp":"2025-11-01T09:45:19.633Z"}
{"level":"info","message":"get all transaction endpoint hit...","service":"Expense Tracker","timestamp":"2025-11-01T09:45:19.633Z"}
{"level":"info","message":"Fetched transactions successfully","service":"Expense Tracker","timestamp":"2025-11-01T09:45:19.637Z"}
{"level":"info","message":"Received GET request to /api/transactions?page=1&limit=5","service":"Expense Tracker","timestamp":"2025-11-01T09:45:22.628Z"}
{"level":"info","message":"Request body, undefined","service":"Expense Tracker","timestamp":"2025-11-01T09:45:22.628Z"}
{"level":"info","message":"get all transaction endpoint hit...","service":"Expense Tracker","timestamp":"2025-11-01T09:45:22.629Z"}
{"level":"info","message":"Fetched transactions successfully","service":"Expense Tracker","timestamp":"2025-11-01T09:45:22.632Z"}
{"level":"info","message":"Received GET request to /api/transactions?page=1&limit=5","service":"Expense Tracker","timestamp":"2025-11-01T09:45:22.635Z"}
{"level":"info","message":"Request body, undefined","service":"Expense Tracker","timestamp":"2025-11-01T09:45:22.636Z"}
{"level":"info","message":"get all transaction endpoint hit...","service":"Expense Tracker","timestamp":"2025-11-01T09:45:22.636Z"}
{"level":"info","message":"Fetched transactions successfully","service":"Expense Tracker","timestamp":"2025-11-01T09:45:22.640Z"}
{"level":"info","message":"Received GET request to /api/transactions?page=1&limit=5","service":"Expense Tracker","timestamp":"2025-11-01T09:45:32.605Z"}
{"level":"info","message":"Request body, undefined","service":"Expense Tracker","timestamp":"2025-11-01T09:45:32.606Z"}
{"level":"info","message":"get all transaction endpoint hit...","service":"Expense Tracker","timestamp":"2025-11-01T09:45:32.606Z"}
{"level":"info","message":"Fetched transactions successfully","service":"Expense Tracker","timestamp":"2025-11-01T09:45:32.612Z"}
{"level":"info","message":"Received GET request to /api/transactions?page=1&limit=5","service":"Expense Tracker","timestamp":"2025-11-01T09:45:32.616Z"}
{"level":"info","message":"Request body, undefined","service":"Expense Tracker","timestamp":"2025-11-01T09:45:32.617Z"}
{"level":"info","message":"get all transaction endpoint hit...","service":"Expense Tracker","timestamp":"2025-11-01T09:45:32.618Z"}
{"level":"info","message":"Fetched transactions successfully","service":"Expense Tracker","timestamp":"2025-11-01T09:45:32.621Z"}
{"level":"info","message":"Received POST request to /api/transactions","service":"Expense Tracker","timestamp":"2025-11-01T09:51:41.283Z"}
{"level":"info","message":"Request body, [object Object]","service":"Expense Tracker","timestamp":"2025-11-01T09:51:41.289Z"}
{"level":"info","message":"create transaction endpoint hit...","service":"Expense Tracker","timestamp":"2025-11-01T09:51:41.291Z"}
{"level":"info","message":"Transaction saved successfully","service":"Expense Tracker","timestamp":"2025-11-01T09:51:41.301Z"}
{"level":"info","message":"Received PUT request to /api/transactions/6905d5eae4ddc22a0aea9b15","service":"Expense Tracker","timestamp":"2025-11-01T09:52:02.489Z"}
{"level":"info","message":"Request body, [object Object]","service":"Expense Tracker","timestamp":"2025-11-01T09:52:02.490Z"}
{"level":"info","message":"update transaction endpoint hit...","service":"Expense Tracker","timestamp":"2025-11-01T09:52:02.492Z"}
{"level":"info","message":"Transaction updated successfully","service":"Expense Tracker","timestamp":"2025-11-01T09:52:02.513Z"}
{"level":"info","message":"Received GET request to /api/transactions?page=1&limit=5","service":"Expense Tracker","timestamp":"2025-11-01T09:52:18.680Z"}
{"level":"info","message":"Request body, undefined","service":"Expense Tracker","timestamp":"2025-11-01T09:52:18.681Z"}
{"level":"info","message":"get all transaction endpoint hit...","service":"Expense Tracker","timestamp":"2025-11-01T09:52:18.682Z"}
{"level":"info","message":"Fetched transactions successfully","service":"Expense Tracker","timestamp":"2025-11-01T09:52:18.686Z"}
{"level":"info","message":"Received GET request to /api/transactions?page=1&limit=5","service":"Expense Tracker","timestamp":"2025-11-01T09:52:18.689Z"}
{"level":"info","message":"Request body, undefined","service":"Expense Tracker","timestamp":"2025-11-01T09:52:18.690Z"}
{"level":"info","message":"get all transaction endpoint hit...","service":"Expense Tracker","timestamp":"2025-11-01T09:52:18.690Z"}
{"level":"info","message":"Fetched transactions successfully","service":"Expense Tracker","timestamp":"2025-11-01T09:52:18.696Z"}
{"level":"info","message":"Received PUT request to /api/transactions/6905d82da0af678c84a72315","service":"Expense Tracker","timestamp":"2025-11-01T09:52:30.810Z"}
{"level":"info","message":"Request body, [object Object]","service":"Expense Tracker","timestamp":"2025-11-01T09:52:30.811Z"}
{"level":"info","message":"update transaction endpoint hit...","service":"Expense Tracker","timestamp":"2025-11-01T09:52:30.814Z"}
{"level":"info","message":"Transaction updated successfully","service":"Expense Tracker","timestamp":"2025-11-01T09:52:30.823Z"}
{"level":"info","message":"Received GET request to /api/transactions?page=1&limit=5","service":"Expense Tracker","timestamp":"2025-11-01T09:53:15.766Z"}
{"level":"info","message":"Request body, undefined","service":"Expense Tracker","timestamp":"2025-11-01T09:53:15.766Z"}
{"level":"info","message":"get all transaction endpoint hit...","service":"Expense Tracker","timestamp":"2025-11-01T09:53:15.767Z"}
{"level":"info","message":"Fetched transactions successfully","service":"Expense Tracker","timestamp":"2025-11-01T09:53:15.770Z"}
{"level":"info","message":"Received GET request to /api/transactions?page=1&limit=5","service":"Expense Tracker","timestamp":"2025-11-01T09:53:15.773Z"}
{"level":"info","message":"Request body, undefined","service":"Expense Tracker","timestamp":"2025-11-01T09:53:15.773Z"}
{"level":"info","message":"get all transaction endpoint hit...","service":"Expense Tracker","timestamp":"2025-11-01T09:53:15.774Z"}
{"level":"info","message":"Fetched transactions successfully","service":"Expense Tracker","timestamp":"2025-11-01T09:53:15.776Z"}
{"level":"info","message":"Received GET request to /api/transactions?page=1&limit=5","service":"Expense Tracker","timestamp":"2025-11-01T09:53:16.609Z"}
{"level":"info","message":"Request body, undefined","service":"Expense Tracker","timestamp":"2025-11-01T09:53:16.609Z"}
{"level":"info","message":"get all transaction endpoint hit...","service":"Expense Tracker","timestamp":"2025-11-01T09:53:16.610Z"}
{"level":"info","message":"Fetched transactions successfully","service":"Expense Tracker","timestamp":"2025-11-01T09:53:16.613Z"}
{"level":"info","message":"Received GET request to /api/transactions?page=1&limit=5","service":"Expense Tracker","timestamp":"2025-11-01T09:53:16.618Z"}
{"level":"info","message":"Request body, undefined","service":"Expense Tracker","timestamp":"2025-11-01T09:53:16.619Z"}
{"level":"info","message":"get all transaction endpoint hit...","service":"Expense Tracker","timestamp":"2025-11-01T09:53:16.619Z"}
{"level":"info","message":"Fetched transactions successfully","service":"Expense Tracker","timestamp":"2025-11-01T09:53:16.622Z"}
{"level":"info","message":"Received GET request to /api/transactions?page=1&limit=5","service":"Expense Tracker","timestamp":"2025-11-01T09:53:23.599Z"}
{"level":"info","message":"Request body, undefined","service":"Expense Tracker","timestamp":"2025-11-01T09:53:23.600Z"}
{"level":"info","message":"get all transaction endpoint hit...","service":"Expense Tracker","timestamp":"2025-11-01T09:53:23.600Z"}
{"level":"info","message":"Fetched transactions successfully","service":"Expense Tracker","timestamp":"2025-11-01T09:53:23.604Z"}
{"level":"info","message":"Received GET request to /api/transactions?page=1&limit=5","service":"Expense Tracker","timestamp":"2025-11-01T09:53:23.607Z"}
{"level":"info","message":"Request body, undefined","service":"Expense Tracker","timestamp":"2025-11-01T09:53:23.608Z"}
{"level":"info","message":"get all transaction endpoint hit...","service":"Expense Tracker","timestamp":"2025-11-01T09:53:23.609Z"}
{"level":"info","message":"Fetched transactions successfully","service":"Expense Tracker","timestamp":"2025-11-01T09:53:23.612Z"}
{"level":"info","message":"Received GET request to /api/transactions?page=1&limit=5","service":"Expense Tracker","timestamp":"2025-11-01T09:53:26.612Z"}
{"level":"info","message":"Request body, undefined","service":"Expense Tracker","timestamp":"2025-11-01T09:53:26.612Z"}
{"level":"info","message":"get all transaction endpoint hit...","service":"Expense Tracker","timestamp":"2025-11-01T09:53:26.613Z"}
{"level":"info","message":"Fetched transactions successfully","service":"Expense Tracker","timestamp":"2025-11-01T09:53:26.618Z"}
{"level":"info","message":"Received GET request to /api/transactions?page=1&limit=5","service":"Expense Tracker","timestamp":"2025-11-01T09:53:26.621Z"}
{"level":"info","message":"Request body, undefined","service":"Expense Tracker","timestamp":"2025-11-01T09:53:26.622Z"}
{"level":"info","message":"get all transaction endpoint hit...","service":"Expense Tracker","timestamp":"2025-11-01T09:53:26.622Z"}
{"level":"info","message":"Fetched transactions successfully","service":"Expense Tracker","timestamp":"2025-11-01T09:53:26.625Z"}
{"level":"info","message":"Received GET request to /api/transactions?page=1&limit=5","service":"Expense Tracker","timestamp":"2025-11-01T09:53:29.582Z"}
{"level":"info","message":"Request body, undefined","service":"Expense Tracker","timestamp":"2025-11-01T09:53:29.583Z"}
{"level":"info","message":"get all transaction endpoint hit...","service":"Expense Tracker","timestamp":"2025-11-01T09:53:29.583Z"}
{"level":"info","message":"Fetched transactions successfully","service":"Expense Tracker","timestamp":"2025-11-01T09:53:29.587Z"}
{"level":"info","message":"Received GET request to /api/transactions?page=1&limit=5","service":"Expense Tracker","timestamp":"2025-11-01T09:53:29.590Z"}
{"level":"info","message":"Request body, undefined","service":"Expense Tracker","timestamp":"2025-11-01T09:53:29.591Z"}
{"level":"info","message":"get all transaction endpoint hit...","service":"Expense Tracker","timestamp":"2025-11-01T09:53:29.591Z"}
{"level":"info","message":"Fetched transactions successfully","service":"Expense Tracker","timestamp":"2025-11-01T09:53:29.595Z"}
{"level":"info","message":"Received GET request to /api/transactions?page=1&limit=5","service":"Expense Tracker","timestamp":"2025-11-01T09:53:57.618Z"}
{"level":"info","message":"Request body, undefined","service":"Expense Tracker","timestamp":"2025-11-01T09:53:57.618Z"}
{"level":"info","message":"get all transaction endpoint hit...","service":"Expense Tracker","timestamp":"2025-11-01T09:53:57.619Z"}
{"level":"info","message":"Fetched transactions successfully","service":"Expense Tracker","timestamp":"2025-11-01T09:53:57.622Z"}
{"level":"info","message":"Received GET request to /api/transactions?page=1&limit=5","service":"Expense Tracker","timestamp":"2025-11-01T09:53:57.625Z"}
{"level":"info","message":"Request body, undefined","service":"Expense Tracker","timestamp":"2025-11-01T09:53:57.626Z"}
{"level":"info","message":"get all transaction endpoint hit...","service":"Expense Tracker","timestamp":"2025-11-01T09:53:57.627Z"}
{"level":"info","message":"Fetched transactions successfully","service":"Expense Tracker","timestamp":"2025-11-01T09:53:57.630Z"}
{"level":"info","message":"Received GET request to /api/transactions?page=1&limit=5","service":"Expense Tracker","timestamp":"2025-11-01T09:54:19.639Z"}
{"level":"info","message":"Request body, undefined","service":"Expense Tracker","timestamp":"2025-11-01T09:54:19.640Z"}
{"level":"info","message":"get all transaction endpoint hit...","service":"Expense Tracker","timestamp":"2025-11-01T09:54:19.641Z"}
{"level":"info","message":"Fetched transactions successfully","service":"Expense Tracker","timestamp":"2025-11-01T09:54:19.644Z"}
{"level":"info","message":"Received GET request to /api/transactions?page=1&limit=5","service":"Expense Tracker","timestamp":"2025-11-01T09:54:19.649Z"}
{"level":"info","message":"Request body, undefined","service":"Expense Tracker","timestamp":"2025-11-01T09:54:19.650Z"}
{"level":"info","message":"get all transaction endpoint hit...","service":"Expense Tracker","timestamp":"2025-11-01T09:54:19.651Z"}
{"level":"info","message":"Fetched transactions successfully","service":"Expense Tracker","timestamp":"2025-11-01T09:54:19.654Z"}
{"level":"info","message":"Received GET request to /api/transactions?page=1&limit=5","service":"Expense Tracker","timestamp":"2025-11-01T09:55:13.746Z"}
{"level":"info","message":"Request body, undefined","service":"Expense Tracker","timestamp":"2025-11-01T09:55:13.747Z"}
{"level":"info","message":"get all transaction endpoint hit...","service":"Expense Tracker","timestamp":"2025-11-01T09:55:13.747Z"}
{"level":"info","message":"Fetched transactions successfully","service":"Expense Tracker","timestamp":"2025-11-01T09:55:13.750Z"}
{"level":"info","message":"Received GET request to /api/transactions?page=1&limit=5","service":"Expense Tracker","timestamp":"2025-11-01T09:55:13.754Z"}
{"level":"info","message":"Request body, undefined","service":"Expense Tracker","timestamp":"2025-11-01T09:55:13.755Z"}
{"level":"info","message":"get all transaction endpoint hit...","service":"Expense Tracker","timestamp":"2025-11-01T09:55:13.755Z"}
{"level":"info","message":"Fetched transactions successfully","service":"Expense Tracker","timestamp":"2025-11-01T09:55:13.758Z"}
{"level":"info","message":"Received GET request to /api/transactions?page=1&limit=5","service":"Expense Tracker","timestamp":"2025-11-01T09:55:15.614Z"}
{"level":"info","message":"Request body, undefined","service":"Expense Tracker","timestamp":"2025-11-01T09:55:15.614Z"}
{"level":"info","message":"get all transaction endpoint hit...","service":"Expense Tracker","timestamp":"2025-11-01T09:55:15.615Z"}
{"level":"info","message":"Fetched transactions successfully","service":"Expense Tracker","timestamp":"2025-11-01T09:55:15.618Z"}
{"level":"info","message":"Received GET request to /api/transactions?page=1&limit=5","service":"Expense Tracker","timestamp":"2025-11-01T09:55:15.621Z"}
{"level":"info","message":"Request body, undefined","service":"Expense Tracker","timestamp":"2025-11-01T09:55:15.621Z"}
{"level":"info","message":"get all transaction endpoint hit...","service":"Expense Tracker","timestamp":"2025-11-01T09:55:15.622Z"}
{"level":"info","message":"Fetched transactions successfully","service":"Expense Tracker","timestamp":"2025-11-01T09:55:15.625Z"}
{"level":"info","message":"Received GET request to /api/transactions?page=1&limit=5","service":"Expense Tracker","timestamp":"2025-11-01T09:55:16.632Z"}
{"level":"info","message":"Request body, undefined","service":"Expense Tracker","timestamp":"2025-11-01T09:55:16.633Z"}
{"level":"info","message":"get all transaction endpoint hit...","service":"Expense Tracker","timestamp":"2025-11-01T09:55:16.633Z"}
{"level":"info","message":"Fetched transactions successfully","service":"Expense Tracker","timestamp":"2025-11-01T09:55:16.637Z"}
{"level":"info","message":"Received GET request to /api/transactions?page=1&limit=5","service":"Expense Tracker","timestamp":"2025-11-01T09:55:16.641Z"}
{"level":"info","message":"Request body, undefined","service":"Expense Tracker","timestamp":"2025-11-01T09:55:16.642Z"}
{"level":"info","message":"get all transaction endpoint hit...","service":"Expense Tracker","timestamp":"2025-11-01T09:55:16.642Z"}
{"level":"info","message":"Fetched transactions successfully","service":"Expense Tracker","timestamp":"2025-11-01T09:55:16.648Z"}
{"level":"info","message":"Received GET request to /api/transactions?page=1&limit=5","service":"Expense Tracker","timestamp":"2025-11-01T09:55:18.611Z"}
{"level":"info","message":"Request body, undefined","service":"Expense Tracker","timestamp":"2025-11-01T09:55:18.612Z"}
{"level":"info","message":"get all transaction endpoint hit...","service":"Expense Tracker","timestamp":"2025-11-01T09:55:18.613Z"}
{"level":"info","message":"Fetched transactions successfully","service":"Expense Tracker","timestamp":"2025-11-01T09:55:18.618Z"}
{"level":"info","message":"Received GET request to /api/transactions?page=1&limit=5","service":"Expense Tracker","timestamp":"2025-11-01T09:55:18.622Z"}
{"level":"info","message":"Request body, undefined","service":"Expense Tracker","timestamp":"2025-11-01T09:55:18.623Z"}
{"level":"info","message":"get all transaction endpoint hit...","service":"Expense Tracker","timestamp":"2025-11-01T09:55:18.623Z"}
{"level":"info","message":"Fetched transactions successfully","service":"Expense Tracker","timestamp":"2025-11-01T09:55:18.628Z"}
{"level":"info","message":"Received GET request to /api/transactions?page=1&limit=5","service":"Expense Tracker","timestamp":"2025-11-01T09:55:21.644Z"}
{"level":"info","message":"Request body, undefined","service":"Expense Tracker","timestamp":"2025-11-01T09:55:21.645Z"}
{"level":"info","message":"get all transaction endpoint hit...","service":"Expense Tracker","timestamp":"2025-11-01T09:55:21.646Z"}
{"level":"info","message":"Fetched transactions successfully","service":"Expense Tracker","timestamp":"2025-11-01T09:55:21.649Z"}
{"level":"info","message":"Received GET request to /api/transactions?page=1&limit=5","service":"Expense Tracker","timestamp":"2025-11-01T09:55:21.653Z"}
{"level":"info","message":"Request body, undefined","service":"Expense Tracker","timestamp":"2025-11-01T09:55:21.654Z"}
{"level":"info","message":"get all transaction endpoint hit...","service":"Expense Tracker","timestamp":"2025-11-01T09:55:21.654Z"}
{"level":"info","message":"Fetched transactions successfully","service":"Expense Tracker","timestamp":"2025-11-01T09:55:21.657Z"}
{"level":"info","message":"Received GET request to /api/transactions?page=1&limit=5","service":"Expense Tracker","timestamp":"2025-11-01T09:55:22.627Z"}
{"level":"info","message":"Request body, undefined","service":"Expense Tracker","timestamp":"2025-11-01T09:55:22.627Z"}
{"level":"info","message":"get all transaction endpoint hit...","service":"Expense Tracker","timestamp":"2025-11-01T09:55:22.628Z"}
{"level":"info","message":"Fetched transactions successfully","service":"Expense Tracker","timestamp":"2025-11-01T09:55:22.633Z"}
{"level":"info","message":"Received GET request to /api/transactions?page=1&limit=5","service":"Expense Tracker","timestamp":"2025-11-01T09:55:22.636Z"}
{"level":"info","message":"Request body, undefined","service":"Expense Tracker","timestamp":"2025-11-01T09:55:22.637Z"}
{"level":"info","message":"get all transaction endpoint hit...","service":"Expense Tracker","timestamp":"2025-11-01T09:55:22.637Z"}
{"level":"info","message":"Fetched transactions successfully","service":"Expense Tracker","timestamp":"2025-11-01T09:55:22.642Z"}
{"level":"info","message":"Received GET request to /api/transactions?page=1&limit=5","service":"Expense Tracker","timestamp":"2025-11-01T09:55:39.627Z"}
{"level":"info","message":"Request body, undefined","service":"Expense Tracker","timestamp":"2025-11-01T09:55:39.628Z"}
{"level":"info","message":"get all transaction endpoint hit...","service":"Expense Tracker","timestamp":"2025-11-01T09:55:39.629Z"}
{"level":"info","message":"Fetched transactions successfully","service":"Expense Tracker","timestamp":"2025-11-01T09:55:39.634Z"}
{"level":"info","message":"Received GET request to /api/transactions?page=1&limit=5","service":"Expense Tracker","timestamp":"2025-11-01T09:55:39.637Z"}
{"level":"info","message":"Request body, undefined","service":"Expense Tracker","timestamp":"2025-11-01T09:55:39.638Z"}
{"level":"info","message":"get all transaction endpoint hit...","service":"Expense Tracker","timestamp":"2025-11-01T09:55:39.638Z"}
{"level":"info","message":"Fetched transactions successfully","service":"Expense Tracker","timestamp":"2025-11-01T09:55:39.642Z"}
{"level":"info","message":"Received GET request to /api/transactions?page=1&limit=5","service":"Expense Tracker","timestamp":"2025-11-01T09:55:44.632Z"}
{"level":"info","message":"Request body, undefined","service":"Expense Tracker","timestamp":"2025-11-01T09:55:44.633Z"}
{"level":"info","message":"get all transaction endpoint hit...","service":"Expense Tracker","timestamp":"2025-11-01T09:55:44.633Z"}
{"level":"info","message":"Fetched transactions successfully","service":"Expense Tracker","timestamp":"2025-11-01T09:55:44.638Z"}
{"level":"info","message":"Received GET request to /api/transactions?page=1&limit=5","service":"Expense Tracker","timestamp":"2025-11-01T09:55:44.641Z"}
{"level":"info","message":"Request body, undefined","service":"Expense Tracker","timestamp":"2025-11-01T09:55:44.642Z"}
{"level":"info","message":"get all transaction endpoint hit...","service":"Expense Tracker","timestamp":"2025-11-01T09:55:44.642Z"}
{"level":"info","message":"Fetched transactions successfully","service":"Expense Tracker","timestamp":"2025-11-01T09:55:44.648Z"}
{"level":"info","message":"Received GET request to /api/transactions?page=1&limit=5","service":"Expense Tracker","timestamp":"2025-11-01T09:56:13.016Z"}
{"level":"info","message":"Request body, undefined","service":"Expense Tracker","timestamp":"2025-11-01T09:56:13.017Z"}
{"level":"info","message":"get all transaction endpoint hit...","service":"Expense Tracker","timestamp":"2025-11-01T09:56:13.017Z"}
{"level":"info","message":"Fetched transactions successfully","service":"Expense Tracker","timestamp":"2025-11-01T09:56:13.020Z"}
{"level":"info","message":"Received GET request to /api/transactions?page=1&limit=5","service":"Expense Tracker","timestamp":"2025-11-01T09:56:13.025Z"}
{"level":"info","message":"Request body, undefined","service":"Expense Tracker","timestamp":"2025-11-01T09:56:13.025Z"}
{"level":"info","message":"get all transaction endpoint hit...","service":"Expense Tracker","timestamp":"2025-11-01T09:56:13.026Z"}
{"level":"info","message":"Fetched transactions successfully","service":"Expense Tracker","timestamp":"2025-11-01T09:56:13.030Z"}
{"level":"info","message":"Received GET request to /api/transactions?page=1&limit=5","service":"Expense Tracker","timestamp":"2025-11-01T09:56:32.683Z"}
{"level":"info","message":"Request body, undefined","service":"Expense Tracker","timestamp":"2025-11-01T09:56:32.683Z"}
{"level":"info","message":"get all transaction endpoint hit...","service":"Expense Tracker","timestamp":"2025-11-01T09:56:32.683Z"}
{"level":"info","message":"Fetched transactions successfully","service":"Expense Tracker","timestamp":"2025-11-01T09:56:32.686Z"}
{"level":"info","message":"Received GET request to /api/transactions?page=1&limit=5","service":"Expense Tracker","timestamp":"2025-11-01T09:56:32.690Z"}
{"level":"info","message":"Request body, undefined","service":"Expense Tracker","timestamp":"2025-11-01T09:56:32.690Z"}
{"level":"info","message":"get all transaction endpoint hit...","service":"Expense Tracker","timestamp":"2025-11-01T09:56:32.691Z"}
{"level":"info","message":"Fetched transactions successfully","service":"Expense Tracker","timestamp":"2025-11-01T09:56:32.695Z"}
{"level":"info","message":"Received GET request to /api/transactions?page=1&limit=5","service":"Expense Tracker","timestamp":"2025-11-01T09:57:07.374Z"}
{"level":"info","message":"Request body, undefined","service":"Expense Tracker","timestamp":"2025-11-01T09:57:07.375Z"}
{"level":"info","message":"get all transaction endpoint hit...","service":"Expense Tracker","timestamp":"2025-11-01T09:57:07.376Z"}
{"level":"info","message":"Fetched transactions successfully","service":"Expense Tracker","timestamp":"2025-11-01T09:57:07.379Z"}
{"level":"info","message":"Received GET request to /api/transactions?page=1&limit=5","service":"Expense Tracker","timestamp":"2025-11-01T09:57:07.383Z"}
{"level":"info","message":"Request body, undefined","service":"Expense Tracker","timestamp":"2025-11-01T09:57:07.383Z"}
{"level":"info","message":"get all transaction endpoint hit...","service":"Expense Tracker","timestamp":"2025-11-01T09:57:07.384Z"}
{"level":"info","message":"Fetched transactions successfully","service":"Expense Tracker","timestamp":"2025-11-01T09:57:07.387Z"}
{"level":"info","message":"Received POST request to /api/transactions","service":"Expense Tracker","timestamp":"2025-11-01T09:57:28.406Z"}
{"level":"info","message":"Request body, [object Object]","service":"Expense Tracker","timestamp":"2025-11-01T09:57:28.407Z"}
{"level":"info","message":"create transaction endpoint hit...","service":"Expense Tracker","timestamp":"2025-11-01T09:57:28.408Z"}
{"level":"info","message":"Transaction saved successfully","service":"Expense Tracker","timestamp":"2025-11-01T09:57:28.417Z"}
{"level":"info","message":"Received PUT request to /api/transactions/6905d5eae4ddc22a0aea9b15","service":"Expense Tracker","timestamp":"2025-11-01T09:57:42.264Z"}
{"level":"info","message":"Request body, [object Object]","service":"Expense Tracker","timestamp":"2025-11-01T09:57:42.265Z"}
{"level":"info","message":"update transaction endpoint hit...","service":"Expense Tracker","timestamp":"2025-11-01T09:57:42.265Z"}
{"level":"info","message":"Transaction updated successfully","service":"Expense Tracker","timestamp":"2025-11-01T09:57:42.272Z"}
{"level":"info","message":"Received DELETE request to /api/transactions/6905d82da0af678c84a72315","service":"Expense Tracker","timestamp":"2025-11-01T09:57:46.134Z"}
{"level":"info","message":"Request body, undefined","service":"Expense Tracker","timestamp":"2025-11-01T09:57:46.135Z"}
{"level":"info","message":"delete transaction endpoint hit...","service":"Expense Tracker","timestamp":"2025-11-01T09:57:46.136Z"}
{"level":"info","message":"Transaction deleted successfully","service":"Expense Tracker","timestamp":"2025-11-01T09:57:46.141Z"}
{"level":"info","message":"Received GET request to /api/transactions?page=2&limit=5","service":"Expense Tracker","timestamp":"2025-11-01T09:57:50.362Z"}
{"level":"info","message":"Request body, undefined","service":"Expense Tracker","timestamp":"2025-11-01T09:57:50.362Z"}
{"level":"info","message":"get all transaction endpoint hit...","service":"Expense Tracker","timestamp":"2025-11-01T09:57:50.363Z"}
{"level":"info","message":"Fetched transactions successfully","service":"Expense Tracker","timestamp":"2025-11-01T09:57:50.369Z"}
{"level":"info","message":"Received GET request to /api/transactions?page=1&limit=5","service":"Expense Tracker","timestamp":"2025-11-01T09:57:55.615Z"}
{"level":"info","message":"Request body, undefined","service":"Expense Tracker","timestamp":"2025-11-01T09:57:55.618Z"}
{"level":"info","message":"get all transaction endpoint hit...","service":"Expense Tracker","timestamp":"2025-11-01T09:57:55.620Z"}
{"level":"info","message":"Fetched transactions successfully","service":"Expense Tracker","timestamp":"2025-11-01T09:57:55.627Z"}
{"level":"info","message":"Received GET request to /api/transactions?page=2&limit=5","service":"Expense Tracker","timestamp":"2025-11-01T09:57:59.691Z"}
{"level":"info","message":"Request body, undefined","service":"Expense Tracker","timestamp":"2025-11-01T09:57:59.691Z"}
{"level":"info","message":"get all transaction endpoint hit...","service":"Expense Tracker","timestamp":"2025-11-01T09:57:59.693Z"}
{"level":"info","message":"Fetched transactions successfully","service":"Expense Tracker","timestamp":"2025-11-01T09:57:59.698Z"}
{"level":"info","message":"Received GET request to /api/transactions?page=1&limit=5","service":"Expense Tracker","timestamp":"2025-11-01T09:58:12.839Z"}
{"level":"info","message":"Request body, undefined","service":"Expense Tracker","timestamp":"2025-11-01T09:58:12.840Z"}
{"level":"info","message":"get all transaction endpoint hit...","service":"Expense Tracker","timestamp":"2025-11-01T09:58:12.840Z"}
{"level":"info","message":"Fetched transactions successfully","service":"Expense Tracker","timestamp":"2025-11-01T09:58:12.846Z"}
{"level":"info","message":"Received GET request to /api/transactions?page=2&limit=5","service":"Expense Tracker","timestamp":"2025-11-01T09:58:18.923Z"}
{"level":"info","message":"Request body, undefined","service":"Expense Tracker","timestamp":"2025-11-01T09:58:18.925Z"}
{"level":"info","message":"get all transaction endpoint hit...","service":"Expense Tracker","timestamp":"2025-11-01T09:58:18.925Z"}
{"level":"info","message":"Fetched transactions successfully","service":"Expense Tracker","timestamp":"2025-11-01T09:58:18.930Z"}
{"level":"info","message":"Received PUT request to /api/transactions/6905aea7af7eed406dc63acf","service":"Expense Tracker","timestamp":"2025-11-01T09:58:25.609Z"}
{"level":"info","message":"Request body, [object Object]","service":"Expense Tracker","timestamp":"2025-11-01T09:58:25.611Z"}
{"level":"info","message":"update transaction endpoint hit...","service":"Expense Tracker","timestamp":"2025-11-01T09:58:25.612Z"}
{"level":"info","message":"Transaction updated successfully","service":"Expense Tracker","timestamp":"2025-11-01T09:58:25.622Z"}
{"level":"info","message":"Received GET request to /api/transactions?page=1&limit=5","service":"Expense Tracker","timestamp":"2025-11-01T09:58:31.535Z"}
{"level":"info","message":"Request body, undefined","service":"Expense Tracker","timestamp":"2025-11-01T09:58:31.536Z"}
{"level":"info","message":"get all transaction endpoint hit...","service":"Expense Tracker","timestamp":"2025-11-01T09:58:31.536Z"}
{"level":"info","message":"Fetched transactions successfully","service":"Expense Tracker","timestamp":"2025-11-01T09:58:31.540Z"}
{"level":"info","message":"Received GET request to /api/transactions?page=1&limit=5","service":"Expense Tracker","timestamp":"2025-11-01T10:03:04.480Z"}
{"level":"info","message":"Request body, undefined","service":"Expense Tracker","timestamp":"2025-11-01T10:03:04.480Z"}
{"level":"info","message":"get all transaction endpoint hit...","service":"Expense Tracker","timestamp":"2025-11-01T10:03:04.481Z"}
{"level":"info","message":"Fetched transactions successfully","service":"Expense Tracker","timestamp":"2025-11-01T10:03:04.484Z"}
{"level":"info","message":"Received GET request to /api/transactions?page=1&limit=5","service":"Expense Tracker","timestamp":"2025-11-01T10:03:04.488Z"}
{"level":"info","message":"Request body, undefined","service":"Expense Tracker","timestamp":"2025-11-01T10:03:04.488Z"}
{"level":"info","message":"get all transaction endpoint hit...","service":"Expense Tracker","timestamp":"2025-11-01T10:03:04.489Z"}
{"level":"info","message":"Fetched transactions successfully","service":"Expense Tracker","timestamp":"2025-11-01T10:03:04.493Z"}
{"level":"info","message":"Received GET request to /api/transactions?page=1&limit=5","service":"Expense Tracker","timestamp":"2025-11-01T10:03:12.953Z"}
{"level":"info","message":"Request body, undefined","service":"Expense Tracker","timestamp":"2025-11-01T10:03:12.954Z"}
{"level":"info","message":"get all transaction endpoint hit...","service":"Expense Tracker","timestamp":"2025-11-01T10:03:12.955Z"}
{"level":"info","message":"Fetched transactions successfully","service":"Expense Tracker","timestamp":"2025-11-01T10:03:12.960Z"}
{"level":"info","message":"Received GET request to /api/transactions?page=1&limit=5","service":"Expense Tracker","timestamp":"2025-11-01T10:03:12.963Z"}
{"level":"info","message":"Request body, undefined","service":"Expense Tracker","timestamp":"2025-11-01T10:03:12.964Z"}
{"level":"info","message":"get all transaction endpoint hit...","service":"Expense Tracker","timestamp":"2025-11-01T10:03:12.964Z"}
{"level":"info","message":"Fetched transactions successfully","service":"Expense Tracker","timestamp":"2025-11-01T10:03:12.970Z"}
{"level":"info","message":"Received PUT request to /api/transactions/6905d988a0af678c84a72365","service":"Expense Tracker","timestamp":"2025-11-01T10:03:22.311Z"}
{"level":"info","message":"Request body, [object Object]","service":"Expense Tracker","timestamp":"2025-11-01T10:03:22.312Z"}
{"level":"info","message":"update transaction endpoint hit...","service":"Expense Tracker","timestamp":"2025-11-01T10:03:22.312Z"}
{"level":"info","message":"Transaction updated successfully","service":"Expense Tracker","timestamp":"2025-11-01T10:03:22.318Z"}
{"level":"info","message":"Received PUT request to /api/transactions/6905d988a0af678c84a72365","service":"Expense Tracker","timestamp":"2025-11-01T10:03:31.980Z"}
{"level":"info","message":"Request body, [object Object]","service":"Expense Tracker","timestamp":"2025-11-01T10:03:31.983Z"}
{"level":"info","message":"update transaction endpoint hit...","service":"Expense Tracker","timestamp":"2025-11-01T10:03:31.984Z"}
{"level":"info","message":"Transaction updated successfully","service":"Expense Tracker","timestamp":"2025-11-01T10:03:31.989Z"}
{"level":"info","message":"Received DELETE request to /api/transactions/6905d686a0af678c84a72301","service":"Expense Tracker","timestamp":"2025-11-01T10:03:56.076Z"}
{"level":"info","message":"Request body, undefined","service":"Expense Tracker","timestamp":"2025-11-01T10:03:56.077Z"}
{"level":"info","message":"delete transaction endpoint hit...","service":"Expense Tracker","timestamp":"2025-11-01T10:03:56.078Z"}
{"level":"info","message":"Transaction deleted successfully","service":"Expense Tracker","timestamp":"2025-11-01T10:03:56.080Z"}
{"level":"info","message":"Received POST request to /api/transactions","service":"Expense Tracker","timestamp":"2025-11-01T10:04:16.636Z"}
{"level":"info","message":"Request body, [object Object]","service":"Expense Tracker","timestamp":"2025-11-01T10:04:16.638Z"}
{"level":"info","message":"create transaction endpoint hit...","service":"Expense Tracker","timestamp":"2025-11-01T10:04:16.639Z"}
{"level":"info","message":"Transaction saved successfully","service":"Expense Tracker","timestamp":"2025-11-01T10:04:16.651Z"}
{"level":"info","message":"Received PUT request to /api/transactions/6905d988a0af678c84a72365","service":"Expense Tracker","timestamp":"2025-11-01T10:04:26.598Z"}
{"level":"info","message":"Request body, [object Object]","service":"Expense Tracker","timestamp":"2025-11-01T10:04:26.600Z"}
{"level":"info","message":"update transaction endpoint hit...","service":"Expense Tracker","timestamp":"2025-11-01T10:04:26.600Z"}
{"level":"info","message":"Transaction updated successfully","service":"Expense Tracker","timestamp":"2025-11-01T10:04:26.608Z"}
